New log file opened at Tue Dec 08 09:58:09 SGT 2015 by 10612@SMUs-MacBook-Pro-2.local
Taking next connection to: 52311
New client attempting to connect on port: 52312-52311
  Address = /192.168.0.100:52311
Handshake exception on socket: 52312
sbt.impl.ipc.HandshakeException: Unable to perform handshake
	at sbt.impl.ipc.Peer.handshake(IPC.scala:46)
	at sbt.impl.ipc.MultiClientServer.<init>(IPC.scala:150)
	at sbt.server.SbtServerSocketHandler$$anon$1.run(SbtServerSocketHandler.scala:43)
Caused by: java.net.SocketException: Connection reset
	at java.net.SocketInputStream.read(SocketInputStream.java:196)
	at java.net.SocketInputStream.read(SocketInputStream.java:122)
	at java.io.BufferedInputStream.fill(BufferedInputStream.java:235)
	at java.io.BufferedInputStream.read(BufferedInputStream.java:254)
	at java.io.DataInputStream.readInt(DataInputStream.java:387)
	at sbt.impl.ipc.Peer.receive(IPC.scala:95)
	at sbt.impl.ipc.Peer.handshake(IPC.scala:49)
	... 2 more
Taking next connection to: 52311
New client attempting to connect on port: 52313-52311
  Address = /192.168.0.100:52311
This client on port 52313 has uuid 6943df78-5025-4be3-a2ff-80cd4ec6764d configName activator humanReadableName Activator protocolVersion 3 featureTags Vector()
Connected Clients: activator-6943df78-5025-4be3-a2ff-80cd4ec6764d
Taking next connection to: 52311
New client attempting to connect on port: 52314-52311
  Address = /192.168.0.100:52311
This client on port 52314 has uuid ee12a114-3fa5-4a18-bbb3-b8645a3fcd95 configName activator humanReadableName Activator protocolVersion 3 featureTags Vector()
Connected Clients: activator-6943df78-5025-4be3-a2ff-80cd4ec6764d, activator-ee12a114-3fa5-4a18-bbb3-b8645a3fcd95
Taking next connection to: 52311
Checking to see if clients are empty...
We have 1 non-daemon clients, continuing serving connections.
Taking next connection to: 52311
Checking to see if clients are empty...
We have 1 non-daemon clients, continuing serving connections.
Taking next connection to: 52311
Checking to see if clients are empty...
We have 1 non-daemon clients, continuing serving connections.
Taking next connection to: 52311
Checking to see if clients are empty...
We have 1 non-daemon clients, continuing serving connections.
Taking next connection to: 52311
